"0","tbl(con, 'iris_3') %>%
  group_by(species) %>% 
  summarise(avg_length = mean(sepal_length)) %>% 
  explain()
"
"1","<SQL>
"
"1","SELECT ""species"", AVG(""sepal_length"") AS ""avg_length""
FROM ""iris_3""
GROUP BY ""species""
"
"1","
"
"1","<PLAN>
"
"1","HashAggregate  (cost=4.25..4.29 rows=3 width=41)
  Group Key: species
  ->  Seq Scan on iris_3  (cost=0.00..3.50 rows=150 width=15)
"
